2025-11-06T11:06:57.988+05:30  INFO 11504 --- [Pharmacy] [restartedMain] com.gn.pharmacy.PharmacyApplication      : Starting PharmacyApplication using Java 24.0.2 with PID 11504 (E:\pharmacy-GN-backend-v1.1\target\classes started by nikhi in E:\pharmacy-GN-backend-v1.1)
2025-11-06T11:06:57.996+05:30  INFO 11504 --- [Pharmacy] [restartedMain] com.gn.pharmacy.PharmacyApplication      : No active profile set, falling back to 1 default profile: "default"
2025-11-06T11:06:58.127+05:30  INFO 11504 --- [Pharmacy] [restartedMain] o.s.b.devtools.restart.ChangeableUrls    : The Class-Path manifest attribute in C:\Users\nikhi\.m2\repository\io\github\cdimascio\java-dotenv\5.2.2\java-dotenv-5.2.2.jar referenced one or more files that do not exist: file:/C:/Users/nikhi/.m2/repository/io/github/cdimascio/java-dotenv/5.2.2/kotlin-stdlib-1.4.0.jar,file:/C:/Users/nikhi/.m2/repository/io/github/cdimascio/java-dotenv/5.2.2/kotlin-stdlib-common-1.4.0.jar,file:/C:/Users/nikhi/.m2/repository/io/github/cdimascio/java-dotenv/5.2.2/annotations-13.0.jar
2025-11-06T11:06:58.129+05:30  INFO 11504 --- [Pharmacy] [restartedMain] .e.DevToolsPropertyDefaultsPostProcessor : Devtools property defaults active! Set 'spring.devtools.add-properties' to 'false' to disable
2025-11-06T11:06:58.130+05:30  INFO 11504 --- [Pharmacy] [restartedMain] .e.DevToolsPropertyDefaultsPostProcessor : For additional web related logging consider setting the 'logging.level.web' property to 'DEBUG'
2025-11-06T11:07:00.195+05:30  INFO 11504 --- [Pharmacy] [restartedMain] .s.d.r.c.RepositoryConfigurationDelegate : Bootstrapping Spring Data JPA repositories in DEFAULT mode.
2025-11-06T11:07:00.405+05:30  INFO 11504 --- [Pharmacy] [restartedMain] .s.d.r.c.RepositoryConfigurationDelegate : Finished Spring Data repository scanning in 191 ms. Found 15 JPA repository interfaces.
2025-11-06T11:07:01.665+05:30  INFO 11504 --- [Pharmacy] [restartedMain] o.s.b.w.embedded.tomcat.TomcatWebServer  : Tomcat initialized with port 8083 (http)
2025-11-06T11:07:01.691+05:30  INFO 11504 --- [Pharmacy] [restartedMain] o.apache.catalina.core.StandardService   : Starting service [Tomcat]
2025-11-06T11:07:01.691+05:30  INFO 11504 --- [Pharmacy] [restartedMain] o.apache.catalina.core.StandardEngine    : Starting Servlet engine: [Apache Tomcat/10.1.44]
2025-11-06T11:07:01.815+05:30  INFO 11504 --- [Pharmacy] [restartedMain] o.a.c.c.C.[Tomcat].[localhost].[/]       : Initializing Spring embedded WebApplicationContext
2025-11-06T11:07:01.816+05:30  INFO 11504 --- [Pharmacy] [restartedMain] w.s.c.ServletWebServerApplicationContext : Root WebApplicationContext: initialization completed in 3684 ms
2025-11-06T11:07:02.193+05:30  INFO 11504 --- [Pharmacy] [restartedMain] o.hibernate.jpa.internal.util.LogHelper  : HHH000204: Processing PersistenceUnitInfo [name: default]
2025-11-06T11:07:02.311+05:30  INFO 11504 --- [Pharmacy] [restartedMain] org.hibernate.Version                    : HHH000412: Hibernate ORM core version 6.6.26.Final
2025-11-06T11:07:02.396+05:30  INFO 11504 --- [Pharmacy] [restartedMain] o.h.c.internal.RegionFactoryInitiator    : HHH000026: Second-level cache disabled
2025-11-06T11:07:02.946+05:30  INFO 11504 --- [Pharmacy] [restartedMain] o.s.o.j.p.SpringPersistenceUnitInfo      : No LoadTimeWeaver setup: ignoring JPA class transformer
2025-11-06T11:07:02.996+05:30  INFO 11504 --- [Pharmacy] [restartedMain] com.zaxxer.hikari.HikariDataSource       : HikariPool-1 - Starting...
2025-11-06T11:07:03.345+05:30  INFO 11504 --- [Pharmacy] [restartedMain] com.zaxxer.hikari.pool.HikariPool        : HikariPool-1 - Added connection com.mysql.cj.jdbc.ConnectionImpl@3129b2ac
2025-11-06T11:07:03.348+05:30  INFO 11504 --- [Pharmacy] [restartedMain] com.zaxxer.hikari.HikariDataSource       : HikariPool-1 - Start completed.
2025-11-06T11:07:03.499+05:30  INFO 11504 --- [Pharmacy] [restartedMain] org.hibernate.orm.connections.pooling    : HHH10001005: Database info:
	Database JDBC URL [Connecting through datasource 'HikariDataSource (HikariPool-1)']
	Database driver: undefined/unknown
	Database version: 8.0.43
	Autocommit mode: undefined/unknown
	Isolation level: undefined/unknown
	Minimum pool size: undefined/unknown
	Maximum pool size: undefined/unknown
2025-11-06T11:07:05.816+05:30  INFO 11504 --- [Pharmacy] [restartedMain] o.h.e.t.j.p.i.JtaPlatformInitiator       : HHH000489: No JTA platform available (set 'hibernate.transaction.jta.platform' to enable JTA platform integration)
2025-11-06T11:07:06.125+05:30  INFO 11504 --- [Pharmacy] [restartedMain] j.LocalContainerEntityManagerFactoryBean : Initialized JPA EntityManagerFactory for persistence unit 'default'
2025-11-06T11:07:06.765+05:30  INFO 11504 --- [Pharmacy] [restartedMain] o.s.d.j.r.query.QueryEnhancerFactory     : Hibernate is in classpath; If applicable, HQL parser will be used.
2025-11-06T11:07:08.273+05:30  WARN 11504 --- [Pharmacy] [restartedMain] JpaBaseConfiguration$JpaWebConfiguration : spring.jpa.open-in-view is enabled by default. Therefore, database queries may be performed during view rendering. Explicitly configure spring.jpa.open-in-view to disable this warning
2025-11-06T11:07:08.496+05:30 DEBUG 11504 --- [Pharmacy] [restartedMain] s.w.s.m.m.a.RequestMappingHandlerMapping : 102 mappings in 'requestMappingHandlerMapping'
2025-11-06T11:07:08.675+05:30 DEBUG 11504 --- [Pharmacy] [restartedMain] o.s.w.s.handler.SimpleUrlHandlerMapping  : Patterns [/webjars/**, /**] in 'resourceHandlerMapping'
2025-11-06T11:07:08.717+05:30 DEBUG 11504 --- [Pharmacy] [restartedMain] s.w.s.m.m.a.RequestMappingHandlerAdapter : ControllerAdvice beans: 0 @ModelAttribute, 0 @InitBinder, 1 RequestBodyAdvice, 1 ResponseBodyAdvice
2025-11-06T11:07:08.807+05:30 DEBUG 11504 --- [Pharmacy] [restartedMain] .m.m.a.ExceptionHandlerExceptionResolver : ControllerAdvice beans: 0 @ExceptionHandler, 1 ResponseBodyAdvice
2025-11-06T11:07:08.977+05:30  INFO 11504 --- [Pharmacy] [restartedMain] o.s.b.d.a.OptionalLiveReloadServer       : LiveReload server is running on port 35729
2025-11-06T11:07:09.033+05:30  INFO 11504 --- [Pharmacy] [restartedMain] o.s.b.w.embedded.tomcat.TomcatWebServer  : Tomcat started on port 8083 (http) with context path '/'
2025-11-06T11:07:09.049+05:30  INFO 11504 --- [Pharmacy] [restartedMain] com.gn.pharmacy.PharmacyApplication      : Started PharmacyApplication in 12.028 seconds (process running for 13.314)
